<?xml version="1.0" encoding="UTF-8"?>
<!-- Generated by org.testng.reporters.JUnitReportReporter -->
<testsuite hostname="DESKTOP-3SFL1BC" failures="0" tests="4" name="com.saucelabs.testng.AboutTestng" time="82.322" errors="0" timestamp="2021-07-14T00:30:54 CST" skipped="0">
  <testcase classname="com.saucelabs.testng.AboutTestng" name="loginTest" time="14.458"/>
  <system-out/>
  <testcase classname="com.saucelabs.testng.AboutTestng" name="loginTest" time="19.186"/>
  <system-out/>
  <testcase classname="com.saucelabs.testng.AboutTestng" name="loginTest" time="14.232"/>
  <system-out/>
  <testcase classname="com.saucelabs.testng.AboutTestng" name="loginTest" time="34.446"/>
  <system-out/>
</testsuite> <!-- com.saucelabs.testng.AboutTestng -->
