<?xml version="1.0" encoding="UTF-8"?>
<!-- Generated by org.testng.reporters.JUnitReportReporter -->
<testsuite hostname="DESKTOP-3SFL1BC" failures="0" tests="1" name="testNG.SolutionTestNg" time="8.693" errors="0" timestamp="2021-07-14T02:05:08 CST" skipped="0">
  <testcase classname="testNG.SolutionTestNg" name="liveTesting" time="8.693"/>
  <system-out/>
</testsuite> <!-- testNG.SolutionTestNg -->
