<?xml version="1.0" encoding="UTF-8"?>
<!-- Generated by org.testng.reporters.JUnitReportReporter -->
<testsuite hostname="DESKTOP-3SFL1BC" failures="0" tests="2" name="Utilitity.ExcelDataProvider" time="44.784" errors="0" timestamp="2021-07-14T01:10:20 CST" skipped="0">
  <testcase classname="Utilitity.ExcelDataProvider" name="test1" time="21.584"/>
  <system-out/>
  <testcase classname="Utilitity.ExcelDataProvider" name="test1" time="23.200"/>
  <system-out/>
</testsuite> <!-- Utilitity.ExcelDataProvider -->
