<?xml version="1.0" encoding="UTF-8"?>
<!-- Generated by org.testng.reporters.JUnitReportReporter -->
<testsuite hostname="DESKTOP-3SFL1BC" failures="0" tests="4" name="testNG.ExcelDataProvider" time="15.060" errors="0" timestamp="2021-07-13T18:36:49 ACST" skipped="0">
  <testcase classname="testNG.ExcelDataProvider" name="test1" time="2.338"/>
  <system-out/>
  <testcase classname="testNG.ExcelDataProvider" name="test1" time="2.884"/>
  <system-out/>
  <testcase classname="testNG.ExcelDataProvider" name="test1" time="7.417"/>
  <system-out/>
  <testcase classname="testNG.ExcelDataProvider" name="test1" time="2.421"/>
  <system-out/>
</testsuite> <!-- testNG.ExcelDataProvider -->
