<?xml version="1.0" encoding="UTF-8"?>
<!-- Generated by org.testng.reporters.JUnitReportReporter -->
<testsuite hostname="DESKTOP-3SFL1BC" failures="0" tests="2" name="testNG.AboutTestNg" time="88.124" errors="0" timestamp="2021-07-14T12:17:47 CST" skipped="0">
  <testcase classname="testNG.AboutTestNg" name="test1" time="38.508"/>
  <system-out/>
  <testcase classname="testNG.AboutTestNg" name="test1" time="49.616"/>
  <system-out/>
</testsuite> <!-- testNG.AboutTestNg -->
